
La personne avec cet adresse IP: ::1 a tente de se connecte avec l'identifiant cubers le Thursday 26th of May 2022 02:56:02 PM
	L'utilisateur cubers a reussis a se connecter en tant que administrateur

Deconnexion depuis ::1 avec l'identifiant cubers en tant que administrateur le Thursday 26th of May 2022 02:57:29 PM

La personne avec cet adresse IP: ::1 a tente de se connecte avec l'identifiant cubers le Thursday 26th of May 2022 03:36:40 PM

La personne avec cet adresse IP: ::1 a tente de se connecte avec l'identifiant cubers le Thursday 26th of May 2022 03:37:40 PM
	L'utilisateur cubers a reussis a se connecter en tant que administrateur

Deconnexion depuis ::1 avec l'identifiant cubers en tant que administrateur le Thursday 26th of May 2022 05:00:59 PM

La personne avec cet adresse IP: 127.0.0.1 a tente de se connecte avec l'identifiant cubers le Thursday 26th of May 2022 05:01:05 PM
	L'utilisateur cubers a reussis a se connecter en tant que administrateur

Deconnexion depuis ::1 avec l'identifiant prof@prof.fr en tant que Prof le Thursday 26th of May 2022 05:15:32 PM

La personne avec cet adresse IP: ::1 a tente de se connecte avec l'identifiant cubers le Thursday 26th of May 2022 05:15:43 PM
	L'utilisateur cubers a reussis a se connecter en tant que administrateur

Deconnexion depuis ::1 avec l'identifiant cubers en tant que administrateur le Thursday 26th of May 2022 06:37:20 PM

La personne avec cet adresse IP: ::1 a tente de se connecte avec l'identifiant valteck le Thursday 26th of May 2022 06:42:48 PM
	L'utilisateur valteck a reussis a se connecter en tant que utilisateur

Deconnexion depuis ::1 avec l'identifiant valteck en tant que utilisateur le Thursday 26th of May 2022 06:43:10 PM

La personne avec cet adresse IP: ::1 a tente de se connecte avec l'identifiant cubers le Thursday 26th of May 2022 06:43:14 PM
	L'utilisateur cubers a reussis a se connecter en tant que administrateur

Deconnexion depuis ::1 avec l'identifiant cubers en tant que administrateur le Thursday 26th of May 2022 06:43:16 PM

La personne avec cet adresse IP: ::1 a tente de se connecte avec l'identifiant valteck le Thursday 26th of May 2022 06:43:19 PM
	L'utilisateur valteck a reussis a se connecter en tant que utilisateur

Deconnexion depuis ::1 avec l'identifiant valteck en tant que utilisateur le Thursday 26th of May 2022 06:48:01 PM

La personne avec cet adresse IP: ::1 a tente de se connecte avec l'identifiant cubers le Thursday 26th of May 2022 07:05:25 PM
	L'utilisateur cubers a reussis a se connecter en tant que administrateur

Deconnexion depuis ::1 avec l'identifiant cubers en tant que administrateur le Thursday 26th of May 2022 08:12:13 PM

La personne avec cet adresse IP: ::1 a tente de se connecte avec l'identifiant cubers le Thursday 26th of May 2022 08:12:18 PM
	L'utilisateur cubers a reussis a se connecter en tant que administrateur

La personne avec cet adresse IP: ::1 a tente de se connecte avec l'identifiant cubers le Friday 27th of May 2022 12:23:52 PM
	L'utilisateur cubers a reussis a se connecter en tant que administrateur

La personne avec cet adresse IP: ::1 a tente de se connecte avec l'identifiant cubers le Sunday 5th of June 2022 01:15:19 AM
	L'utilisateur cubers a reussis a se connecter en tant que administrateur

La personne avec cet adresse IP: ::1 a tente de se connecte avec l'identifiant cubers le Monday 6th of June 2022 12:05:04 AM
	L'utilisateur cubers a reussis a se connecter en tant que administrateur

La personne avec cet adresse IP: ::1 a tente de se connecte avec l'identifiant cubers le Monday 6th of June 2022 02:44:42 PM
	L'utilisateur cubers a reussis a se connecter en tant que administrateur

Deconnexion depuis ::1 avec l'identifiant cubers en tant que administrateur le Monday 6th of June 2022 04:12:31 PM

La personne avec cet adresse IP: ::1 a tente de se connecte avec l'identifiant cubers le Monday 6th of June 2022 04:12:34 PM
	Connexion refuse

La personne avec cet adresse IP: ::1 a tente de se connecte avec l'identifiant cubers le Monday 6th of June 2022 04:13:33 PM
	Connexion refuse

La personne avec cet adresse IP: ::1 a tente de se connecte avec l'identifiant cubers le Monday 6th of June 2022 04:13:46 PM
	Connexion refuse

La personne avec cet adresse IP: ::1 a tente de se connecte avec l'identifiant cubers le Monday 6th of June 2022 04:13:50 PM
	L'utilisateur cubers a reussis a se connecter en tant que administrateur

Deconnexion depuis ::1 avec l'identifiant cubers en tant que administrateur le Monday 6th of June 2022 04:14:45 PM

La personne avec cet adresse IP: ::1 a tente de se connecte avec l'identifiant cubers le Monday 6th of June 2022 04:14:47 PM
	Connexion refuse

La personne avec cet adresse IP: ::1 a tente de se connecte avec l'identifiant cubers le Monday 6th of June 2022 04:15:01 PM
	Connexion refuse

La personne avec cet adresse IP: ::1 a tente de se connecte avec l'identifiant cubers le Sunday 12th of June 2022 04:37:43 PM
	L'utilisateur cubers a reussis a se connecter en tant que administrateur
